<?xml version="1.0" encoding="UTF-8"?>
<testng-results ignored="0" total="1" passed="1" failed="0" skipped="0">
  <reporter-output>
  </reporter-output>
  <suite started-at="2023-11-29T12:08:38 IST" name="Default suite" finished-at="2023-11-29T12:08:52 IST" duration-ms="14353">
    <groups>
    </groups>
    <test started-at="2023-11-29T12:08:38 IST" name="Default test" finished-at="2023-11-29T12:08:52 IST" duration-ms="14353">
      <class name="testpkg.demotest">
        <test-method is-config="true" signature="setup()[pri:0, instance:testpkg.demotest@b9b00e0]" started-at="2023-11-29T12:08:38 IST" name="setup" finished-at="2023-11-29T12:08:45 IST" duration-ms="6699" status="PASS">
          <reporter-output>
          </reporter-output>
        </test-method> <!-- setup -->
        <test-method signature="test()[pri:0, instance:testpkg.demotest@b9b00e0]" started-at="2023-11-29T12:08:45 IST" name="test" finished-at="2023-11-29T12:08:52 IST" duration-ms="7517" status="PASS">
          <reporter-output>
          </reporter-output>
        </test-method> <!-- test -->
      </class> <!-- testpkg.demotest -->
    </test> <!-- Default test -->
  </suite> <!-- Default suite -->
</testng-results>
